<?xml version="1.0" encoding="UTF-8"?>
<!-- Generated by org.testng.reporters.JUnitReportReporter -->
<testsuite hostname="DESKTOP-FQD6JN4" failures="0" tests="1" name="jenkins.Test0" time="0.016" errors="0" timestamp="02 Feb 2021 21:46:04 GMT" skipped="0">
  <testcase classname="jenkins.Test0" name="demo" time="0.016"/>
</testsuite> <!-- jenkins.Test0 -->
