<?xml version="1.0" encoding="UTF-8"?>
<!-- Generated by org.testng.reporters.JUnitReportReporter -->
<testsuite hostname="DESKTOP-FQD6JN4" failures="0" tests="1" name="jenkins.Test1" time="0.009" errors="0" timestamp="30 Mar 2021 03:26:17 GMT" skipped="0">
  <testcase classname="jenkins.Test1" name="demo1" time="0.009"/>
</testsuite> <!-- jenkins.Test1 -->
