<?xml version="1.0" encoding="UTF-8"?>
<!-- Generated by org.testng.reporters.JUnitReportReporter -->
<testsuite hostname="DESKTOP-FQD6JN4" failures="0" tests="3" name="jenkins.Test2" time="0.023" errors="0" timestamp="09 Jul 2023 22:51:36 GMT" skipped="0">
  <testcase classname="jenkins.Test2" name="settings" time="0.019"/>
  <testcase classname="jenkins.Test2" name="chats" time="0.002"/>
  <testcase classname="jenkins.Test2" name="calls" time="0.002"/>
</testsuite> <!-- jenkins.Test2 -->
