<?xml version="1.0" encoding="UTF-8"?>
<!-- Generated by org.testng.reporters.JUnitReportReporter -->
<testsuite hostname="DESKTOP-FQD6JN4" failures="0" tests="3" name="jenkins.Test2" time="0.014" errors="0" timestamp="25 Feb 2021 04:28:56 GMT" skipped="0">
  <testcase classname="jenkins.Test2" name="settings" time="0.012"/>
  <testcase classname="jenkins.Test2" name="calls" time="0.001"/>
  <testcase classname="jenkins.Test2" name="chats" time="0.001"/>
</testsuite> <!-- jenkins.Test2 -->
