<?xml version="1.0" encoding="UTF-8"?>
<!-- Generated by org.testng.reporters.JUnitReportReporter -->
<testsuite hostname="DESKTOP-FQD6JN4" failures="0" tests="1" name="jenkins.Test0" time="0.010" errors="0" timestamp="08 Feb 2021 23:58:18 GMT" skipped="0">
  <testcase classname="jenkins.Test0" name="demo" time="0.010"/>
</testsuite> <!-- jenkins.Test0 -->
