<?xml version="1.0" encoding="UTF-8"?>
<!-- Generated by org.testng.reporters.JUnitReportReporter -->
<testsuite hostname="DESKTOP-FQD6JN4" failures="0" tests="1" name="jenkins.Test1" time="0.018" errors="0" timestamp="09 Jul 2023 22:41:09 GMT" skipped="0">
  <testcase classname="jenkins.Test1" name="demo1" time="0.018"/>
</testsuite> <!-- jenkins.Test1 -->
