<?xml version="1.0" encoding="UTF-8"?>
<!-- Generated by org.testng.reporters.JUnitReportReporter -->
<testsuite hostname="DESKTOP-FQD6JN4" failures="0" tests="3" name="jenkins.Test2" time="0.029" errors="0" timestamp="15 Jul 2021 20:48:15 GMT" skipped="0">
  <testcase classname="jenkins.Test2" name="settings" time="0.024"/>
  <testcase classname="jenkins.Test2" name="calls" time="0.002"/>
  <testcase classname="jenkins.Test2" name="chats" time="0.003"/>
</testsuite> <!-- jenkins.Test2 -->
